0 info it worked if it ends with ok
1 verbose cli [ '/usr/bin/node', '/usr/bin/npm', 'docs' ]
2 info using npm@3.5.2
3 info using node@v8.10.0
4 silly docs [ '.' ]
5 silly getDoc .
6 silly fetchPackageMetaData .
7 silly fetchDirectoryPackageData .
8 verbose stack Error: spawn xdg-open ENOENT
8 verbose stack     at _errnoException (util.js:1022:11)
8 verbose stack     at Process.ChildProcess._handle.onexit (internal/child_process.js:190:19)
8 verbose stack     at onErrorNT (internal/child_process.js:372:16)
8 verbose stack     at _combinedTickCallback (internal/process/next_tick.js:138:11)
8 verbose stack     at process._tickCallback (internal/process/next_tick.js:180:9)
9 verbose cwd /mnt/c/Users/david/OneDrive/Documents/localserver/tictactoe
10 error Linux 4.4.0-17134-Microsoft
11 error argv "/usr/bin/node" "/usr/bin/npm" "docs"
12 error node v8.10.0
13 error npm  v3.5.2
14 error path xdg-open
15 error code ENOENT
16 error errno ENOENT
17 error syscall spawn xdg-open
18 error enoent spawn xdg-open ENOENT
19 error enoent spawn xdg-open ENOENT
19 error enoent This is most likely not a problem with npm itself
19 error enoent and is related to npm not being able to find a file.
20 verbose exit [ 1, true ]
